<?xml version="1.0" encoding="UTF-8" standalone="no"?>
<testsuite errors="0" failures="0" name="io.cucumber.core.plugin.JUnitFormatter" skipped="0" tests="1" time="37.165">
    <testcase classname="Feature to test Form Page funcionality" name="User fills the in an improper way" time="36.93">
        <system-out><![CDATA[Given the browser is opened.................................................passed
And the user is in the home page............................................passed
Given the user navigates to the contact form page...........................passed
And does not fill all text fields properly..................................passed
When the user clicks the submit button......................................passed
Then then the "error" message "There is 1 error" is displayed to the customer.passed
]]></system-out>
    </testcase>
</testsuite>
